\BOOKMARK [1][-]{section.1}{Introduction}{}% 1
\BOOKMARK [1][-]{section.2}{The Model}{}% 2
\BOOKMARK [2][-]{subsection.2.1}{Scenario 1}{section.2}% 3
\BOOKMARK [2][-]{subsection.2.2}{Scenario 2}{section.2}% 4
\BOOKMARK [2][-]{subsection.2.3}{Scenario 3}{section.2}% 5
\BOOKMARK [1][-]{section.3}{Analysis of the Model}{}% 6
\BOOKMARK [2][-]{subsection.3.1}{Scenario 1}{section.3}% 7
\BOOKMARK [2][-]{subsection.3.2}{Scenario 2}{section.3}% 8
\BOOKMARK [2][-]{subsection.3.3}{Scenario 3}{section.3}% 9
\BOOKMARK [1][-]{section.4}{Discussion}{}% 10
\BOOKMARK [2][-]{subsection.4.1}{Scenario 1}{section.4}% 11
\BOOKMARK [2][-]{subsection.4.2}{Scenario 2}{section.4}% 12
\BOOKMARK [2][-]{subsection.4.3}{Scenario 3}{section.4}% 13
\BOOKMARK [1][-]{section.5}{Conclusion}{}% 14
\BOOKMARK [1][-]{section.6}{Attribution of Efforts}{}% 15
\BOOKMARK [1][-]{section.7}{References}{}% 16
\BOOKMARK [1][-]{section.8}{Code Appendix}{}% 17
\BOOKMARK [2][-]{subsection.8.1}{Snippet 1}{section.8}% 18
\BOOKMARK [2][-]{subsection.8.2}{Snippet 2}{section.8}% 19
\BOOKMARK [2][-]{subsection.8.3}{Snippet 3}{section.8}% 20
\BOOKMARK [2][-]{subsection.8.4}{Snippet 4}{section.8}% 21
\BOOKMARK [2][-]{subsection.8.5}{Snippet 5}{section.8}% 22
